# JRE version: Java(TM) SE Runtime Environment (7.0_79-b15) (build 1.7.0_79-b15)
# Java VM: Java HotSpot(TM) 64-Bit Server VM (24.79-b02 mixed mode linux-amd64 compressed oops)
Heap
 PSYoungGen      total 169984K, used 124661K [0x00000000eaa80000, 0x00000000f7980000, 0x0000000100000000)
  eden space 141312K, 80% used [0x00000000eaa80000,0x00000000f19cf2a8,0x00000000f3480000)
  from space 28672K, 37% used [0x00000000f5d80000,0x00000000f67ee1a8,0x00000000f7980000)
  to   space 35328K, 0% used [0x00000000f3480000,0x00000000f3480000,0x00000000f5700000)
 ParOldGen       total 170496K, used 125507K [0x00000000c0000000, 0x00000000ca680000, 0x00000000eaa80000)
  object space 170496K, 73% used [0x00000000c0000000,0x00000000c7a90dc0,0x00000000ca680000)
 PSPermGen       total 125440K, used 103430K [0x00000000b0000000, 0x00000000b7a80000, 0x00000000c0000000)
  object space 125440K, 82% used [0x00000000b0000000,0x00000000b6501ad8,0x00000000b7a80000)
GC Heap History (10 events):
Event: 9188.519 GC heap before
{Heap before GC invocations=39 (full 10):
 PSYoungGen      total 188928K, used 177229K [0x00000000eaa80000, 0x00000000f8f80000, 0x0000000100000000)
  eden space 157696K, 100% used [0x00000000eaa80000,0x00000000f4480000,0x00000000f4480000)
  from space 31232K, 62% used [0x00000000f7100000,0x00000000f8413580,0x00000000f8f80000)
  to   space 38400K, 0% used [0x00000000f4480000,0x00000000f4480000,0x00000000f6a00000)
 ParOldGen       total 170496K, used 99270K [0x00000000c0000000, 0x00000000ca680000, 0x00000000eaa80000)
  object space 170496K, 58% used [0x00000000c0000000,0x00000000c60f19e0,0x00000000ca680000)
 PSPermGen       total 105984K, used 90771K [0x00000000b0000000, 0x00000000b6780000, 0x00000000c0000000)
  object space 105984K, 85% used [0x00000000b0000000,0x00000000b58a4ef0,0x00000000b6780000)
Event: 9188.532 GC heap after
Heap after GC invocations=39 (full 10):
 PSYoungGen      total 162816K, used 10254K [0x00000000eaa80000, 0x00000000f8800000, 0x0000000100000000)
  eden space 152064K, 0% used [0x00000000eaa80000,0x00000000eaa80000,0x00000000f3f00000)
  from space 10752K, 95% used [0x00000000f4480000,0x00000000f4e838f0,0x00000000f4f00000)
  to   space 37376K, 0% used [0x00000000f6380000,0x00000000f6380000,0x00000000f8800000)
 ParOldGen       total 170496K, used 112205K [0x00000000c0000000, 0x00000000ca680000, 0x00000000eaa80000)
  object space 170496K, 65% used [0x00000000c0000000,0x00000000c6d93468,0x00000000ca680000)
 PSPermGen       total 105984K, used 90771K [0x00000000b0000000, 0x00000000b6780000, 0x00000000c0000000)
  object space 105984K, 85% used [0x00000000b0000000,0x00000000b58a4ef0,0x00000000b6780000)
}
Event: 9190.071 GC heap before
{Heap before GC invocations=40 (full 10):
 PSYoungGen      total 162816K, used 43937K [0x00000000eaa80000, 0x00000000f8800000, 0x0000000100000000)
  eden space 152064K, 22% used [0x00000000eaa80000,0x00000000ecb64d58,0x00000000f3f00000)
  from space 10752K, 95% used [0x00000000f4480000,0x00000000f4e838f0,0x00000000f4f00000)
  to   space 37376K, 0% used [0x00000000f6380000,0x00000000f6380000,0x00000000f8800000)
 ParOldGen       total 170496K, used 112205K [0x00000000c0000000, 0x00000000ca680000, 0x00000000eaa80000)
  object space 170496K, 65% used [0x00000000c0000000,0x00000000c6d93468,0x00000000ca680000)
 PSPermGen       total 105984K, used 91516K [0x00000000b0000000, 0x00000000b6780000, 0x00000000c0000000)
  object space 105984K, 86% used [0x00000000b0000000,0x00000000b595f340,0x00000000b6780000)
Event: 9190.082 GC heap after
Heap after GC invocations=40 (full 10):
 PSYoungGen      total 189440K, used 2567K [0x00000000eaa80000, 0x00000000f8800000, 0x0000000100000000)
  eden space 152064K, 0% used [0x00000000eaa80000,0x00000000eaa80000,0x00000000f3f00000)
  from space 37376K, 6% used [0x00000000f6380000,0x00000000f6601de0,0x00000000f8800000)
  to   space 37376K, 0% used [0x00000000f3f00000,0x00000000f3f00000,0x00000000f6380000)
 ParOldGen       total 170496K, used 120484K [0x00000000c0000000, 0x00000000ca680000, 0x00000000eaa80000)
  object space 170496K, 70% used [0x00000000c0000000,0x00000000c75a9140,0x00000000ca680000)
 PSPermGen       total 105984K, used 91516K [0x00000000b0000000, 0x00000000b6780000, 0x00000000c0000000)
  object space 105984K, 86% used [0x00000000b0000000,0x00000000b595f340,0x00000000b6780000)
}
Event: 9190.082 GC heap before
{Heap before GC invocations=41 (full 11):
 PSYoungGen      total 189440K, used 2567K [0x00000000eaa80000, 0x00000000f8800000, 0x0000000100000000)
  eden space 152064K, 0% used [0x00000000eaa80000,0x00000000eaa80000,0x00000000f3f00000)
  from space 37376K, 6% used [0x00000000f6380000,0x00000000f6601de0,0x00000000f8800000)
  to   space 37376K, 0% used [0x00000000f3f00000,0x00000000f3f00000,0x00000000f6380000)
 ParOldGen       total 170496K, used 120484K [0x00000000c0000000, 0x00000000ca680000, 0x00000000eaa80000)
  object space 170496K, 70% used [0x00000000c0000000,0x00000000c75a9140,0x00000000ca680000)
 PSPermGen       total 105984K, used 91516K [0x00000000b0000000, 0x00000000b6780000, 0x00000000c0000000)
  object space 105984K, 86% used [0x00000000b0000000,0x00000000b595f340,0x00000000b6780000)
Event: 9190.676 GC heap after
Heap after GC invocations=41 (full 11):
 PSYoungGen      total 189440K, used 0K [0x00000000eaa80000, 0x00000000f8800000, 0x0000000100000000)
  eden space 152064K, 0% used [0x00000000eaa80000,0x00000000eaa80000,0x00000000f3f00000)
  from space 37376K, 0% used [0x00000000f6380000,0x00000000f6380000,0x00000000f8800000)
  to   space 37376K, 0% used [0x00000000f3f00000,0x00000000f3f00000,0x00000000f6380000)
 ParOldGen       total 170496K, used 113521K [0x00000000c0000000, 0x00000000ca680000, 0x00000000eaa80000)
  object space 170496K, 66% used [0x00000000c0000000,0x00000000c6edc748,0x00000000ca680000)
 PSPermGen       total 125440K, used 91505K [0x00000000b0000000, 0x00000000b7a80000, 0x00000000c0000000)
  object space 125440K, 72% used [0x00000000b0000000,0x00000000b595c450,0x00000000b7a80000)
}
Event: 9258.847 GC heap before
{Heap before GC invocations=42 (full 11):
 PSYoungGen      total 189440K, used 152064K [0x00000000eaa80000, 0x00000000f8800000, 0x0000000100000000)
  eden space 152064K, 100% used [0x00000000eaa80000,0x00000000f3f00000,0x00000000f3f00000)
  from space 37376K, 0% used [0x00000000f6380000,0x00000000f6380000,0x00000000f8800000)
  to   space 37376K, 0% used [0x00000000f3f00000,0x00000000f3f00000,0x00000000f6380000)
 ParOldGen       total 170496K, used 113521K [0x00000000c0000000, 0x00000000ca680000, 0x00000000eaa80000)
  object space 170496K, 66% used [0x00000000c0000000,0x00000000c6edc748,0x00000000ca680000)
 PSPermGen       total 125440K, used 98656K [0x00000000b0000000, 0x00000000b7a80000, 0x00000000c0000000)
  object space 125440K, 78% used [0x00000000b0000000,0x00000000b6058378,0x00000000b7a80000)
Event: 9258.860 GC heap after
Heap after GC invocations=42 (full 11):
 PSYoungGen      total 165376K, used 18545K [0x00000000eaa80000, 0x00000000f8180000, 0x0000000100000000)
  eden space 146432K, 0% used [0x00000000eaa80000,0x00000000eaa80000,0x00000000f3980000)
  from space 18944K, 97% used [0x00000000f3f00000,0x00000000f511c798,0x00000000f5180000)
  to   space 36864K, 0% used [0x00000000f5d80000,0x00000000f5d80000,0x00000000f8180000)
 ParOldGen       total 170496K, used 113521K [0x00000000c0000000, 0x00000000ca680000, 0x00000000eaa80000)
  object space 170496K, 66% used [0x00000000c0000000,0x00000000c6edc748,0x00000000ca680000)
 PSPermGen       total 125440K, used 98656K [0x00000000b0000000, 0x00000000b7a80000, 0x00000000c0000000)
  object space 125440K, 78% used [0x00000000b0000000,0x00000000b6058378,0x00000000b7a80000)
}
Event: 9259.597 GC heap before
{Heap before GC invocations=43 (full 11):
 PSYoungGen      total 165376K, used 164977K [0x00000000eaa80000, 0x00000000f8180000, 0x0000000100000000)
  eden space 146432K, 100% used [0x00000000eaa80000,0x00000000f3980000,0x00000000f3980000)
  from space 18944K, 97% used [0x00000000f3f00000,0x00000000f511c798,0x00000000f5180000)
  to   space 36864K, 0% used [0x00000000f5d80000,0x00000000f5d80000,0x00000000f8180000)
 ParOldGen       total 170496K, used 113521K [0x00000000c0000000, 0x00000000ca680000, 0x00000000eaa80000)
  object space 170496K, 66% used [0x00000000c0000000,0x00000000c6edc748,0x00000000ca680000)
 PSPermGen       total 125440K, used 100001K [0x00000000b0000000, 0x00000000b7a80000, 0x00000000c0000000)
  object space 125440K, 79% used [0x00000000b0000000,0x00000000b61a8590,0x00000000b7a80000)
Event: 9259.614 GC heap after
Heap after GC invocations=43 (full 11):
 PSYoungGen      total 169984K, used 10680K [0x00000000eaa80000, 0x00000000f7980000, 0x0000000100000000)
  eden space 141312K, 0% used [0x00000000eaa80000,0x00000000eaa80000,0x00000000f3480000)
  from space 28672K, 37% used [0x00000000f5d80000,0x00000000f67ee1a8,0x00000000f7980000)
  to   space 35328K, 0% used [0x00000000f3480000,0x00000000f3480000,0x00000000f5700000)
 ParOldGen       total 170496K, used 125507K [0x00000000c0000000, 0x00000000ca680000, 0x00000000eaa80000)
  object space 170496K, 73% used [0x00000000c0000000,0x00000000c7a90dc0,0x00000000ca680000)
 PSPermGen       total 125440K, used 100001K [0x00000000b0000000, 0x00000000b7a80000, 0x00000000c0000000)
  object space 125440K, 79% used [0x00000000b0000000,0x00000000b61a8590,0x00000000b7a80000)
}

